C51 COMPILER V9.56.0.0   MAIN                                                              04/01/2022 09:26:47 PAGE 1   


C51 COMPILER V9.56.0.0, COMPILATION OF MODULE MAIN
OBJECT MODULE PLACED IN .\Objects\main.obj
COMPILER INVOKED BY: C:\Keil_v5\C51\BIN\C51.EXE main.c OPTIMIZE(8,SPEED) BROWSE DEBUG OBJECTEXTEND PRINT(.\Listings\main
                    -.lst) TABS(2) OBJECT(.\Objects\main.obj)

line level    source

   1          #include<reg51.h>
   2          #include<iic.h>
*** WARNING C312 IN LINE 11 OF C:\Keil_v5\C51\Inc\iic.h: misplaced endif control
   3          #include<onewire.h>
   4          
   5          #define uchar unsigned char
   6          #define uint unsigned int
   7            
   8          
   9          sbit DQ = P1^4; 
  10          
  11          //总线引脚定义
  12          sbit SDA = P2^1;  /* 数据线 */
  13          sbit SCL = P2^0;  /* 时钟线 */
  14          
  15          sbit R1=P3^0;//第一排初始化（如果跳线帽模式是BTN，则只有最左侧一列能用）
  16          sbit R2=P3^1;//第二排初始化
  17          sbit R3=P3^2;//第三排初始化
  18          sbit R4=P3^3;//第四排初始化
  19          
  20          sbit C1=P4^4;//第一列初始化
  21          sbit C2=P4^2;//第二列初始化
  22          sbit C3=P3^5;//第三列初始化
  23          sbit C4=P3^4;//第四列初始化
  24          
  25          //////////////////////////// 0    1     2    3    4    5    6   7    8    9    -   全灭   .
  26          unsigned char code shuzi[]={0XC0,0XF9,0XA4,0XB0,0X99,0X92,0X82,0XF8,0X80,0X90,0xbf,0xff,0x7f};
  27          /////////////////////////// A     b   C     d    E    F    H   L     P    U   n
  28          unsigned char code zimu[]={0x88,0x83,0xc6,0xa1,0x86,0x8e,0x89,0xc7,0x8c,0xc1,0xc8};
  29          ////////////////////////////  0     1     2    3    4    5    6    7   
  30          unsigned char code weizhi[]={0x01,0x02,0x04,0x08,0x10,0x20,0x40,0x80,0x00,0x00,0x00,0x00,0x00,0x00};
  31          //////////////////////////   1    2   3    4    5    6    7    8    灭
  32          unsigned char ledweizhi[]={0xfe,0xfd,0xfb,0xf7,0xef,0xdf,0xbf,0x7f,0xff};
  33          
  34          //温度变量定义
  35          int temp;
  36          uchar shi;
  37          uchar ge;
  38          uchar shi_p;
  39          uchar ge_p;
  40          int temp2;
  41          //参数设置
  42          uchar temp_cs=25;
  43          //s5模式切换数值
  44          uchar mode_dac=0;
  45          //dac的输出数值
  46          int voltage;
  47          int dat;
  48          
  49          
  50          void Scan_S8();
  51          void Scan_S9();
  52          void Scan_S5();
  53          void judge_dac();
C51 COMPILER V9.56.0.0   MAIN                                                              04/01/2022 09:26:47 PAGE 2   

  54          //////延时1ms
  55          void delay_ms(int ms)
  56          {
  57   1       int q,w;
  58   1       for(q = 0;q<ms;q++){
  59   2        for(w=845;w>0;w--);
  60   2       }
  61   1      }
  62          ///数码管数字显示
  63          void shumaguan_shuzi(uchar a,uchar b)
  64          {
  65   1        delay_ms(1);
  66   1        P2=(P2&0X1f)|0xC0;P0=weizhi[a];
  67   1        P2=(P2&0X1f)|0xE0;P0=shuzi[b];
  68   1        delay_ms(1);
  69   1        P2 = (P2 & 0x1f) | 0xc0;
  70   1        P0 = 0x00;
  71   1        P2 = P2 & 0x1f;
  72   1      }
  73          //数码管字母显示
  74          void shumaguan_zimu(uchar a,uchar b)
  75          {
  76   1        delay_ms(1);
  77   1        P2=(P2&0X1f)|0xC0;P0=weizhi[a];
  78   1        P2=(P2&0X1f)|0xE0;P0=zimu[b];
  79   1        delay_ms(1);
  80   1        P2 = (P2 & 0x1f) | 0xc0;
  81   1        P0 = 0x00;
  82   1        P2 = P2 & 0x1f;
  83   1      }
  84          void ledlight(uchar x)
  85          {
  86   1        P2=(P2&0X1f)|0x80;
  87   1        P0=ledweizhi[x];
  88   1      }
  89          void Init_Keys()
  90          {
  91   1        R1=R2=R3=R4=1;
  92   1        C1=C2=C3=C4=1;
  93   1      }
  94          
  95          //DS18B20的配置
  96          void temperature_get()
  97          {
  98   1        uchar high,low;
  99   1        init_ds18b20();
 100   1        Write_DS18B20(0xcc);
 101   1        Write_DS18B20(0x44);
 102   1      
 103   1        
 104   1        
 105   1        init_ds18b20();
 106   1        Write_DS18B20(0xcc);
 107   1        Write_DS18B20(0xbe);
 108   1        low=Read_DS18B20();
 109   1        high=Read_DS18B20();
 110   1        
 111   1        
 112   1        temp=((high<<4)|(low>>4));//不带小数点，注掉后面一行就行
 113   1        temp2=low&0x0f*100/16;//取小数点两位,注掉上面一行就行
 114   1        shi=temp%100/10;
 115   1        ge=temp%10;
C51 COMPILER V9.56.0.0   MAIN                                                              04/01/2022 09:26:47 PAGE 3   

 116   1        shi_p=temp2/10;
 117   1        ge_p=temp%10;
 118   1      }
 119          void pcf8591_dac(char dat)//dac读取数值
 120          {
 121   1       IIC_Start(); 
 122   1       IIC_SendByte(0x90);
 123   1       IIC_WaitAck();
 124   1      
 125   1       IIC_SendByte(0x40);
 126   1       IIC_WaitAck();
 127   1      
 128   1       IIC_SendByte(dat);
 129   1       IIC_WaitAck();
 130   1       IIC_Stop();
 131   1        
 132   1      }
 133          
 134          void display_temp()
 135          {
 136   1        shumaguan_zimu(0,2);
 137   1        
 138   1        shumaguan_shuzi(4,shi);
 139   1        shumaguan_shuzi(5,ge);
 140   1        shumaguan_shuzi(6,shi_p);
 141   1        shumaguan_shuzi(5,12);
 142   1        shumaguan_shuzi(7,ge_p);
 143   1        ledlight(1);
 144   1      }
 145          void display_cs()
 146          {
 147   1        ledlight(2);
 148   1        shumaguan_zimu(0,8);
 149   1        
 150   1        shumaguan_shuzi(6,temp_cs/10);
 151   1        shumaguan_shuzi(7,temp_cs%10);
 152   1        Scan_S9();
 153   1        Scan_S8();
 154   1      }
 155          void display_dacnum()
 156          {
 157   1        judge_dac();
 158   1        if(mode_dac==0)
 159   1        {
 160   2        shumaguan_zimu(0,0);
 161   2        shumaguan_shuzi(5,voltage);
 162   2        shumaguan_shuzi(5,12);
 163   2        shumaguan_shuzi(6,0);
 164   2        shumaguan_shuzi(7,0);
 165   2        P2=0x80;
 166   2        P0=0xf6;
 167   2        }
 168   1        if(mode_dac==1)
 169   1        {
 170   2        shumaguan_zimu(0,0);
 171   2        shumaguan_shuzi(5,voltage/100);
 172   2        shumaguan_shuzi(5,12);
 173   2        shumaguan_shuzi(6,voltage%100/10);
 174   2        shumaguan_shuzi(7,voltage%10);
 175   2        ledlight(3);
 176   2        }
 177   1      
C51 COMPILER V9.56.0.0   MAIN                                                              04/01/2022 09:26:47 PAGE 4   

 178   1        
 179   1      }
 180          void judge_dac()
 181          {
 182   1        if(mode_dac==0)
 183   1        {
 184   2          temperature_get();
 185   2          if(temp>temp_cs)
 186   2          {
 187   3            voltage=5;
 188   3            pcf8591_dac(0xff);
 189   3          }
 190   2          if(temp<temp_cs)
 191   2          {
 192   3            voltage=0;
 193   3            pcf8591_dac(0x00);
 194   3          }
 195   2        }
 196   1        if(mode_dac==1)
 197   1        {
 198   2          temperature_get();
 199   2          if(temp<=20)
 200   2          {
 201   3            voltage=1;
 202   3          }
 203   2          if(temp>20&&temp<40)
 204   2          {
 205   3            voltage=0.15*temp*100;
 206   3            if(voltage>=400) voltage=400;
 207   3            if(voltage<=200) voltage=200;
 208   3          }
 209   2          if(temp>=40)
 210   2          {
 211   3            voltage=4;
 212   3          }
 213   2        }
 214   1      }
 215          void Scan_S4()
 216          {
 217   1        R4=0;R3=1;
 218   1        if(C1==0)
 219   1        {
 220   2          
 221   2          while(C1==0)display_temp();
 222   2          while(1)
 223   2          {
 224   3            judge_dac();
 225   3            display_cs();
 226   3            R4=0;R3=1;
 227   3            if(C1==0)
 228   3            {
 229   4              while(C1==0)display_dacnum();
 230   4              while(1)
 231   4              {
 232   5                
 233   5                  Scan_S5();
 234   5                  R4=0;R3=1;
 235   5                if(C1==0)
 236   5                {
 237   6                  while(C1==0) display_temp();
 238   6                  while(1)
 239   6                  {
C51 COMPILER V9.56.0.0   MAIN                                                              04/01/2022 09:26:47 PAGE 5   

 240   7                  ledlight(3);
 241   7                  temperature_get();
 242   7                  judge_dac();
 243   7                  display_temp();
 244   7                  Scan_S4();
*** WARNING C265 IN LINE 244 OF main.c: 'Scan_S4': recursive call to non-reentrant function
 245   7                  }
 246   6                }
 247   5              }
 248   4            }
 249   3          }
 250   2        }
 251   1        
 252   1      }
 253          
 254          void Scan_S8()
 255          {
 256   1        R4=0;R3=1;
 257   1        if(C2==0&&R4==0)
 258   1        {
 259   2          while(C2==0&&R4==0);
 260   2          temp_cs--;
 261   2        }
 262   1      }
 263          void Scan_S9()
 264          {
 265   1        R3=0;R4=1;
 266   1        if(C2==0&&R3==0)
 267   1        {
 268   2          while(C2==0&&R3==0);
 269   2          temp_cs++;
 270   2        }
 271   1      }
 272          void Scan_S5()
 273          {
 274   1        uchar temp=4;
 275   1        
 276   1        R3=0;R4=1;
 277   1        if(C1==0&&R3==0)
 278   1        {
 279   2            while(C1==0&&R3==0);
 280   2            temp++;
 281   2        }
 282   1        if(temp%2==0)
 283   1        {
 284   2          mode_dac=0;
 285   2          judge_dac();
 286   2          display_dacnum();
 287   2        }
 288   1        if(temp%2==1)
 289   1        {
 290   2          while(1)
 291   2          {
 292   3            mode_dac=1;
 293   3            judge_dac();
 294   3            display_dacnum();
 295   3            if(C1==0&&R3==0)
 296   3            {
 297   4                while(C1==0&&R3==0);
 298   4                break;
 299   4            }
 300   3          }
C51 COMPILER V9.56.0.0   MAIN                                                              04/01/2022 09:26:47 PAGE 6   

 301   2        }
 302   1      }
 303          
 304          void main()
 305          {
 306   1        while(1)
 307   1        {
 308   2          Init_Keys();
 309   2          Scan_S4();
 310   2          judge_dac();
 311   2          temperature_get();
 312   2          display_temp();
 313   2      
 314   2        }
 315   1      }


MODULE INFORMATION:   STATIC OVERLAYABLE
   CODE SIZE        =    941    ----
   CONSTANT SIZE    =     38    ----
   XDATA SIZE       =   ----    ----
   PDATA SIZE       =   ----    ----
   DATA SIZE        =     23       5
   IDATA SIZE       =   ----    ----
   BIT SIZE         =   ----    ----
END OF MODULE INFORMATION.


C51 COMPILATION COMPLETE.  2 WARNING(S),  0 ERROR(S)
